/*C6*/SET SCHEMA PUBLIC
INSERT INTO SOLDITEM VALUES(26,6,1,2,8.00,'2013-11-11 20:33:09.665000')
COMMIT
DISCONNECT
/*C7*/SET SCHEMA PUBLIC
INSERT INTO SOLDITEM VALUES(28,6,2,1,11.00,'2013-11-11 20:35:04.071000')
COMMIT
DISCONNECT
/*C9*/SET SCHEMA PUBLIC
INSERT INTO SOLDITEM VALUES(29,6,1,1,8.00,'2013-11-11 20:39:45.655000')
COMMIT
INSERT INTO SOLDITEM VALUES(30,6,2,1,11.00,'2013-11-11 20:39:45.656000')
COMMIT
DISCONNECT
/*C10*/SET SCHEMA PUBLIC
INSERT INTO SOLDITEM VALUES(31,6,1,1,8.00,'2013-11-11 20:40:12.582000')
COMMIT
INSERT INTO SOLDITEM VALUES(32,6,6,2,30.00,'2013-11-11 20:40:23.731000')
COMMIT
DISCONNECT
/*C8*/SET SCHEMA PUBLIC
DISCONNECT
/*C11*/SET SCHEMA PUBLIC
DISCONNECT
/*C13*/SET SCHEMA PUBLIC
DISCONNECT
/*C14*/SET SCHEMA PUBLIC
DISCONNECT
/*C16*/SET SCHEMA PUBLIC
DISCONNECT
/*C15*/SET SCHEMA PUBLIC
DISCONNECT
/*C17*/SET SCHEMA PUBLIC
INSERT INTO SOLDITEM VALUES(33,1,1,2,8.00,'2013-11-11 20:52:40.486000')
COMMIT
DISCONNECT
/*C18*/SET SCHEMA PUBLIC
INSERT INTO SOLDITEM VALUES(34,1,1,2,8.00,'2013-11-11 20:53:13.702000')
COMMIT
DISCONNECT
/*C12*/SET SCHEMA PUBLIC
DISCONNECT
/*C19*/SET SCHEMA PUBLIC
DISCONNECT
/*C20*/SET SCHEMA PUBLIC
DISCONNECT
/*C21*/SET SCHEMA PUBLIC
DISCONNECT
/*C22*/SET SCHEMA PUBLIC
DISCONNECT
/*C23*/SET SCHEMA PUBLIC
DISCONNECT
/*C24*/SET SCHEMA PUBLIC
INSERT INTO SOLDITEM VALUES(35,6,1,2,8.00,'2013-11-11 21:13:42.451000')
COMMIT
INSERT INTO SOLDITEM VALUES(36,6,2,1,11.00,'2013-11-11 21:13:42.451000')
COMMIT
/*C25*/SET SCHEMA PUBLIC
DISCONNECT
/*C24*/DISCONNECT
/*C26*/SET SCHEMA PUBLIC
INSERT INTO SOLDITEM VALUES(37,7,1,2,8.00,'2013-11-11 21:14:42.836000')
COMMIT
INSERT INTO SOLDITEM VALUES(38,8,1,2,8.00,'2013-11-11 21:14:53.767000')
COMMIT
DISCONNECT
/*C27*/SET SCHEMA PUBLIC
CREATE TABLE HISTORYITEM(ID INTEGER GENERATED BY\u000aDEFAULT AS IDENTITY(START WITH 0) NOT NULL PRIMARY KEY,\u000aDATE DATE, TIME TIME, TOTAL DECIMAL(10,2))
DISCONNECT
/*C28*/SET SCHEMA PUBLIC
create trigger historyitem_update\u000abefore insert on historyitem\u000areferencing new row as newrow\u000afor each row\u000abegin atomic\u000aset newrow.date=CURDATE();\u000aset newrow.time=CURTIME();\u000aend
INSERT INTO HISTORYITEM VALUES(0,'2013-11-11','21:39:31',100.00)
COMMIT
DISCONNECT
/*C29*/SET SCHEMA PUBLIC
INSERT INTO SOLDITEM VALUES(39,9,1,2,8.00,'2013-11-11 21:58:09.746000')
COMMIT
DISCONNECT
/*C30*/SET SCHEMA PUBLIC
INSERT INTO SOLDITEM VALUES(40,10,1,2,8.00,'2013-11-11 21:59:02.612000')
COMMIT
DISCONNECT
/*C31*/SET SCHEMA PUBLIC
DISCONNECT
/*C32*/SET SCHEMA PUBLIC
INSERT INTO SOLDITEM VALUES(41,11,1,3,8.00,'2013-11-11 22:00:21.075000')
COMMIT
INSERT INTO SOLDITEM VALUES(42,NULL,NULL,NULL,8.00,'2013-11-11 22:00:21.075000')
COMMIT
DISCONNECT
/*C33*/SET SCHEMA PUBLIC
DISCONNECT
/*C35*/SET SCHEMA PUBLIC
INSERT INTO SOLDITEM VALUES(43,12,1,3,8.00,'2013-11-11 22:01:55.576000')
COMMIT
INSERT INTO HISTORYITEM VALUES(12,'2013-11-11','22:01:55',8.00)
COMMIT
DISCONNECT
/*C36*/SET SCHEMA PUBLIC
DISCONNECT
/*C34*/SET SCHEMA PUBLIC
DISCONNECT
/*C37*/SET SCHEMA PUBLIC
INSERT INTO SOLDITEM VALUES(44,13,1,2,8.00,'2013-11-11 22:03:46.583000')
COMMIT
INSERT INTO HISTORYITEM VALUES(13,'2013-11-11','22:03:46',8.00)
COMMIT
DISCONNECT
/*C38*/SET SCHEMA PUBLIC
INSERT INTO SOLDITEM VALUES(45,14,2,5,55.00,'2013-11-11 22:04:23.804000')
COMMIT
INSERT INTO HISTORYITEM VALUES(14,'2013-11-11','22:04:23',275.00)
COMMIT
/*C39*/SET SCHEMA PUBLIC
INSERT INTO SOLDITEM VALUES(46,15,1,7,8.00,'2013-11-11 22:05:04.160000')
COMMIT
INSERT INTO HISTORYITEM VALUES(15,'2013-11-11','22:05:04',8.00)
COMMIT
INSERT INTO SOLDITEM VALUES(47,16,3,2,30.00,'2013-11-11 22:05:16.964000')
COMMIT
INSERT INTO HISTORYITEM VALUES(16,'2013-11-11','22:05:16',30.00)
COMMIT
/*C38*/DISCONNECT
/*C39*/DISCONNECT
/*C40*/SET SCHEMA PUBLIC
DISCONNECT
/*C43*/SET SCHEMA PUBLIC
INSERT INTO SOLDITEM VALUES(48,17,1,3,8.00,'2013-11-11 22:08:46.255000')
COMMIT
INSERT INTO HISTORYITEM VALUES(17,'2013-11-11','22:08:46',8.00)
COMMIT
DISCONNECT
/*C41*/SET SCHEMA PUBLIC
DISCONNECT
/*C42*/SET SCHEMA PUBLIC
DISCONNECT
